BluetoothRemote/app/build/outputs/logs/manifest-merger-debug-report.txt
-- Merging decision tree log ---
manifest
ADDED from src\main\AndroidManifest.xml:3:1-32:12
	package
		ADDED from src\main\AndroidManifest.xml:4:7-44
		INJECTED from src\main\AndroidManifest.xml
		INJECTED from src\main\AndroidManifest.xml
	android:versionName
		ADDED from src\main\AndroidManifest.xml:6:7-32
		INJECTED from src\main\AndroidManifest.xml
		INJECTED from src\main\AndroidManifest.xml
	android:versionCode
		ADDED from src\main\AndroidManifest.xml:5:7-30
		INJECTED from src\main\AndroidManifest.xml
		INJECTED from src\main\AndroidManifest.xml
	xmlns:android
		ADDED from src\main\AndroidManifest.xml:3:11-69
uses-sdk
ADDED from src\main\AndroidManifest.xml:7:5-9:45
	android:targetSdkVersion
		ADDED from src\main\AndroidManifest.xml:9:13-42
		INJECTED from src\main\AndroidManifest.xml
		INJECTED from src\main\AndroidManifest.xml
	android:minSdkVersion
		ADDED from src\main\AndroidManifest.xml:8:13-39
		INJECTED from src\main\AndroidManifest.xml
		INJECTED from src\main\AndroidManifest.xml
uses-permission#android.permission.BLUETOOTH_ADMIN
ADDED from src\main\AndroidManifest.xml:11:5-74
	android:name
		ADDED from src\main\AndroidManifest.xml:11:22-71
uses-permission#android.permission.BLUETOOTH
ADDED from src\main\AndroidManifest.xml:12:5-68
	android:name
		ADDED from src\main\AndroidManifest.xml:12:22-65
uses-feature#android.hardware.screen.portrait
ADDED from src\main\AndroidManifest.xml:13:5-69
	android:name
		ADDED from src\main\AndroidManifest.xml:13:19-66
application
ADDED from src\main\AndroidManifest.xml:15:5-31:19
	android:label
		ADDED from src\main\AndroidManifest.xml:15:18-50
	android:icon
		ADDED from src\main\AndroidManifest.xml:16:18-51
activity#com.example.BluetoothRemote.BluetoothRemote
ADDED from src\main\AndroidManifest.xml:17:9-26:20
	android:screenOrientation
		ADDED from src\main\AndroidManifest.xml:20:19-55
	android:label
		ADDED from src\main\AndroidManifest.xml:18:19-51
	android:windowSoftInputMode
		ADDED from src\main\AndroidManifest.xml:21:19-60
	android:configChanges
		ADDED from src\main\AndroidManifest.xml:19:19-69
	android:name
		ADDED from src\main\AndroidManifest.xml:17:19-77
intent-filter#android.intent.action.MAIN+android.intent.category.LAUNCHER
ADDED from src\main\AndroidManifest.xml:22:13-25:29
action#android.intent.action.MAIN
ADDED from src\main\AndroidManifest.xml:23:17-69
	android:name
		ADDED from src\main\AndroidManifest.xml:23:25-66
category#android.intent.category.LAUNCHER
ADDED from src\main\AndroidManifest.xml:24:17-77
	android:name
		ADDED from src\main\AndroidManifest.xml:24:27-74
activity#com.example.BluetoothRemote.BookmarkListActivity
ADDED from src\main\AndroidManifest.xml:27:9-30:57
	android:screenOrientation
		ADDED from src\main\AndroidManifest.xml:30:19-55
	android:label
		ADDED from src\main\AndroidManifest.xml:28:19-58
	android:configChanges
		ADDED from src\main\AndroidManifest.xml:29:19-69
	android:name
		ADDED from src\main\AndroidManifest.xml:27:19-82